<?xml version="1.0" encoding="UTF-8"?>
<!-- Generated by org.testng.reporters.JUnitReportReporter -->
<testsuite skipped="0" hostname="DESKTOP-O2BOQR4" name="MongoDBtest.Experiment" tests="1" failures="0" timestamp="2020-10-21T04:57:30 PDT" time="0.103" errors="1">
  <testcase name="test_03" time="0.103" classname="MongoDBtest.Experiment">
    <error type="java.lang.ClassCastException" message="org.json.simple.JSONObject cannot be cast to org.bson.Document">
      <![CDATA[java.lang.ClassCastException: org.json.simple.JSONObject cannot be cast to org.bson.Document
at org.bson.codecs.DocumentCodec.generateIdIfAbsentFromDocument(DocumentCodec.java:45)
at com.mongodb.internal.operation.Operations.insertMany(Operations.java:380)
at com.mongodb.internal.operation.SyncOperations.insertMany(SyncOperations.java:205)
at com.mongodb.client.internal.MongoCollectionImpl.executeInsertMany(MongoCollectionImpl.java:529)
at com.mongodb.client.internal.MongoCollectionImpl.insertMany(MongoCollectionImpl.java:513)
at com.mongodb.client.internal.MongoCollectionImpl.insertMany(MongoCollectionImpl.java:508)
at MongoDBtest.Experiment.test_03(Experiment.java:60)
at sun.reflect.NativeMethodAccessorImpl.invoke0(Native Method)
at sun.reflect.NativeMethodAccessorImpl.invoke(NativeMethodAccessorImpl.java:62)
at sun.reflect.DelegatingMethodAccessorImpl.invoke(DelegatingMethodAccessorImpl.java:43)
at java.lang.reflect.Method.invoke(Method.java:498)
at org.testng.internal.MethodInvocationHelper.invokeMethod(MethodInvocationHelper.java:132)
at org.testng.internal.TestInvoker.invokeMethod(TestInvoker.java:599)
at org.testng.internal.TestInvoker.invokeTestMethod(TestInvoker.java:174)
at org.testng.internal.MethodRunner.runInSequence(MethodRunner.java:46)
at org.testng.internal.TestInvoker$MethodInvocationAgent.invoke(TestInvoker.java:822)
at org.testng.internal.TestInvoker.invokeTestMethods(TestInvoker.java:147)
at org.testng.internal.TestMethodWorker.invokeTestMethods(TestMethodWorker.java:146)
at org.testng.internal.TestMethodWorker.run(TestMethodWorker.java:128)
at java.util.ArrayList.forEach(ArrayList.java:1259)
at org.testng.TestRunner.privateRun(TestRunner.java:764)
at org.testng.TestRunner.run(TestRunner.java:585)
at org.testng.SuiteRunner.runTest(SuiteRunner.java:384)
at org.testng.SuiteRunner.runSequentially(SuiteRunner.java:378)
at org.testng.SuiteRunner.privateRun(SuiteRunner.java:337)
at org.testng.SuiteRunner.run(SuiteRunner.java:286)
at org.testng.SuiteRunnerWorker.runSuite(SuiteRunnerWorker.java:53)
at org.testng.SuiteRunnerWorker.run(SuiteRunnerWorker.java:96)
at org.testng.TestNG.runSuitesSequentially(TestNG.java:1218)
at org.testng.TestNG.runSuitesLocally(TestNG.java:1140)
at org.testng.TestNG.runSuites(TestNG.java:1069)
at org.testng.TestNG.run(TestNG.java:1037)
at org.testng.remote.AbstractRemoteTestNG.run(AbstractRemoteTestNG.java:115)
at org.testng.remote.RemoteTestNG.initAndRun(RemoteTestNG.java:251)
at org.testng.remote.RemoteTestNG.main(RemoteTestNG.java:77)
]]>
    </error>
  </testcase> <!-- test_03 -->
  <system-out/>
</testsuite> <!-- MongoDBtest.Experiment -->
