<?xml version="1.0" encoding="UTF-8"?>
<!-- Generated by org.testng.reporters.JUnitReportReporter -->
<testsuite skipped="0" hostname="DESKTOP-O2BOQR4" name="MongoDBtest.MongoDbtest_02" tests="1" failures="0" timestamp="2020-10-21T08:10:22 PDT" time="0.124" errors="0">
  <testcase name="test_02" time="0.124" classname="MongoDBtest.MongoDbtest_02"/>
  <system-out/>
</testsuite> <!-- MongoDBtest.MongoDbtest_02 -->
