<?xml version="1.0" encoding="UTF-8"?>
<!-- Generated by org.testng.reporters.JUnitReportReporter -->
<testsuite skipped="0" hostname="DESKTOP-O2BOQR4" name="MongoDBtest.MongoDbTest" tests="1" failures="0" timestamp="2020-10-20T08:12:03 PDT" time="0.227" errors="0">
  <testcase name="Mongotest" time="0.227" classname="MongoDBtest.MongoDbTest"/>
  <system-out/>
</testsuite> <!-- MongoDBtest.MongoDbTest -->
